Flow report for BUS
Fri May 24 15:47:37 2024
Quartus II 64-Bit Version 13.0.1 Build 232 06/12/2013 Service Pack 1 SJ Web Edition


---------------------
; Table of Contents ;
---------------------
  1. Legal Notice
  2. Flow Summary
  3. Flow Settings
  4. Flow Non-Default Global Settings
  5. Flow Elapsed Time
  6. Flow OS Summary
  7. Flow Log
  8. Flow Messages
  9. Flow Suppressed Messages



----------------
; Legal Notice ;
----------------
Copyright (C) 1991-2013 Altera Corporation
Your use of Altera Corporation's design tools, logic functions 
and other software and tools, and its AMPP partner logic 
functions, and any output files from any of the foregoing 
(including device programming or simulation files), and any 
associated documentation or information are expressly subject 
to the terms and conditions of the Altera Program License 
Subscription Agreement, Altera MegaCore Function License 
Agreement, or other applicable license agreement, including, 
without limitation, that your use is for the sole purpose of 
programming logic devices manufactured by Altera and sold by 
Altera or its authorized distributors.  Please refer to the 
applicable agreement for further details.



+--------------------------------------------------------------------------------------+
; Flow Summary                                                                         ;
+------------------------------------+-------------------------------------------------+
; Flow Status                        ; Successful - Fri May 24 15:47:37 2024           ;
; Quartus II 64-Bit Version          ; 13.0.1 Build 232 06/12/2013 SP 1 SJ Web Edition ;
; Revision Name                      ; BUS                                             ;
; Top-level Entity Name              ; BUS                                             ;
; Family                             ; Cyclone III                                     ;
; Device                             ; EP3C16F484C6                                    ;
; Timing Models                      ; Final                                           ;
; Total logic elements               ; 189 / 15,408 ( 1 % )                            ;
;     Total combinational functions  ; 187 / 15,408 ( 1 % )                            ;
;     Dedicated logic registers      ; 56 / 15,408 ( < 1 % )                           ;
; Total registers                    ; 56                                              ;
; Total pins                         ; 97 / 347 ( 28 % )                               ;
; Total virtual pins                 ; 0                                               ;
; Total memory bits                  ; 496 / 516,096 ( < 1 % )                         ;
; Embedded Multiplier 9-bit elements ; 0 / 112 ( 0 % )                                 ;
; Total PLLs                         ; 0 / 4 ( 0 % )                                   ;
+------------------------------------+-------------------------------------------------+


+-----------------------------------------+
; Flow Settings                           ;
+-------------------+---------------------+
; Option            ; Setting             ;
+-------------------+---------------------+
; Start date & time ; 05/24/2024 15:47:08 ;
; Main task         ; Compilation         ;
; Revision Name     ; BUS                 ;
+-------------------+---------------------+


+---------------------------------------------------------------------------------------------------------------------------------------------+
; Flow Non-Default Global Settings                                                                                                            ;
+-------------------------------------+--------------------------------------------------------+---------------+-------------+----------------+
; Assignment Name                     ; Value                                                  ; Default Value ; Entity Name ; Section Id     ;
+-------------------------------------+--------------------------------------------------------+---------------+-------------+----------------+
; COMPILER_SIGNATURE_ID               ; 10995770589201.171655482801700                         ; --            ; --          ; --             ;
; EDA_GENERATE_FUNCTIONAL_NETLIST     ; On                                                     ; --            ; --          ; eda_simulation ;
; EDA_OUTPUT_DATA_FORMAT              ; Verilog Hdl                                            ; --            ; --          ; eda_simulation ;
; EDA_SIMULATION_TOOL                 ; ModelSim-Altera (Verilog)                              ; <None>        ; --          ; --             ;
; IP_TOOL_NAME                        ; RAM: 1-PORT                                            ; --            ; --          ; --             ;
; IP_TOOL_NAME                        ; ROM: 1-PORT                                            ; --            ; --          ; --             ;
; IP_TOOL_NAME                        ; LPM_COUNTER                                            ; --            ; --          ; --             ;
; IP_TOOL_NAME                        ; LPM_COUNTER                                            ; --            ; --          ; --             ;
; IP_TOOL_NAME                        ; LPM_COUNTER                                            ; --            ; --          ; --             ;
; IP_TOOL_NAME                        ; LPM_MUX                                                ; --            ; --          ; --             ;
; IP_TOOL_NAME                        ; LPM_MUX                                                ; --            ; --          ; --             ;
; IP_TOOL_NAME                        ; LPM_MUX                                                ; --            ; --          ; --             ;
; IP_TOOL_NAME                        ; LPM_MUX                                                ; --            ; --          ; --             ;
; IP_TOOL_NAME                        ; LPM_MUX                                                ; --            ; --          ; --             ;
; IP_TOOL_NAME                        ; LPM_CONSTANT                                           ; --            ; --          ; --             ;
; IP_TOOL_NAME                        ; LPM_MUX                                                ; --            ; --          ; --             ;
; IP_TOOL_NAME                        ; LPM_MUX                                                ; --            ; --          ; --             ;
; IP_TOOL_NAME                        ; LPM_ADD_SUB                                            ; --            ; --          ; --             ;
; IP_TOOL_NAME                        ; LPM_MUX                                                ; --            ; --          ; --             ;
; IP_TOOL_NAME                        ; LPM_MUX                                                ; --            ; --          ; --             ;
; IP_TOOL_NAME                        ; LPM_COUNTER                                            ; --            ; --          ; --             ;
; IP_TOOL_NAME                        ; LPM_DECODE                                             ; --            ; --          ; --             ;
; IP_TOOL_NAME                        ; LPM_DECODE                                             ; --            ; --          ; --             ;
; IP_TOOL_NAME                        ; LPM_MUX                                                ; --            ; --          ; --             ;
; IP_TOOL_NAME                        ; LPM_COUNTER                                            ; --            ; --          ; --             ;
; IP_TOOL_NAME                        ; LPM_COUNTER                                            ; --            ; --          ; --             ;
; IP_TOOL_NAME                        ; LPM_MUX                                                ; --            ; --          ; --             ;
; IP_TOOL_NAME                        ; LPM_MUX                                                ; --            ; --          ; --             ;
; IP_TOOL_NAME                        ; LPM_MUX                                                ; --            ; --          ; --             ;
; IP_TOOL_NAME                        ; LPM_CONSTANT                                           ; --            ; --          ; --             ;
; IP_TOOL_NAME                        ; LPM_MUX                                                ; --            ; --          ; --             ;
; IP_TOOL_NAME                        ; LPM_COUNTER                                            ; --            ; --          ; --             ;
; IP_TOOL_NAME                        ; LPM_COUNTER                                            ; --            ; --          ; --             ;
; IP_TOOL_NAME                        ; LPM_COUNTER                                            ; --            ; --          ; --             ;
; IP_TOOL_NAME                        ; LPM_COUNTER                                            ; --            ; --          ; --             ;
; IP_TOOL_NAME                        ; LPM_COUNTER                                            ; --            ; --          ; --             ;
; IP_TOOL_NAME                        ; LPM_MUX                                                ; --            ; --          ; --             ;
; IP_TOOL_NAME                        ; LPM_MUX                                                ; --            ; --          ; --             ;
; IP_TOOL_NAME                        ; LPM_MUX                                                ; --            ; --          ; --             ;
; IP_TOOL_NAME                        ; LPM_MUX                                                ; --            ; --          ; --             ;
; IP_TOOL_NAME                        ; LPM_MUX                                                ; --            ; --          ; --             ;
; IP_TOOL_NAME                        ; LPM_MUX                                                ; --            ; --          ; --             ;
; IP_TOOL_NAME                        ; LPM_MUX                                                ; --            ; --          ; --             ;
; IP_TOOL_NAME                        ; LPM_MUX                                                ; --            ; --          ; --             ;
; IP_TOOL_NAME                        ; LPM_ADD_SUB                                            ; --            ; --          ; --             ;
; IP_TOOL_NAME                        ; LPM_MUX                                                ; --            ; --          ; --             ;
; IP_TOOL_NAME                        ; LPM_MUX                                                ; --            ; --          ; --             ;
; IP_TOOL_NAME                        ; LPM_COUNTER                                            ; --            ; --          ; --             ;
; IP_TOOL_VERSION                     ; 13.0                                                   ; --            ; --          ; --             ;
; IP_TOOL_VERSION                     ; 13.0                                                   ; --            ; --          ; --             ;
; IP_TOOL_VERSION                     ; 13.0                                                   ; --            ; --          ; --             ;
; IP_TOOL_VERSION                     ; 13.0                                                   ; --            ; --          ; --             ;
; IP_TOOL_VERSION                     ; 13.0                                                   ; --            ; --          ; --             ;
; IP_TOOL_VERSION                     ; 13.0                                                   ; --            ; --          ; --             ;
; IP_TOOL_VERSION                     ; 13.0                                                   ; --            ; --          ; --             ;
; IP_TOOL_VERSION                     ; 13.0                                                   ; --            ; --          ; --             ;
; IP_TOOL_VERSION                     ; 13.0                                                   ; --            ; --          ; --             ;
; IP_TOOL_VERSION                     ; 13.0                                                   ; --            ; --          ; --             ;
; IP_TOOL_VERSION                     ; 13.0                                                   ; --            ; --          ; --             ;
; IP_TOOL_VERSION                     ; 13.0                                                   ; --            ; --          ; --             ;
; IP_TOOL_VERSION                     ; 13.0                                                   ; --            ; --          ; --             ;
; IP_TOOL_VERSION                     ; 13.0                                                   ; --            ; --          ; --             ;
; IP_TOOL_VERSION                     ; 13.0                                                   ; --            ; --          ; --             ;
; IP_TOOL_VERSION                     ; 13.0                                                   ; --            ; --          ; --             ;
; IP_TOOL_VERSION                     ; 13.0                                                   ; --            ; --          ; --             ;
; IP_TOOL_VERSION                     ; 13.0                                                   ; --            ; --          ; --             ;
; IP_TOOL_VERSION                     ; 13.0                                                   ; --            ; --          ; --             ;
; IP_TOOL_VERSION                     ; 13.0                                                   ; --            ; --          ; --             ;
; IP_TOOL_VERSION                     ; 13.0                                                   ; --            ; --          ; --             ;
; IP_TOOL_VERSION                     ; 13.0                                                   ; --            ; --          ; --             ;
; IP_TOOL_VERSION                     ; 13.0                                                   ; --            ; --          ; --             ;
; IP_TOOL_VERSION                     ; 13.0                                                   ; --            ; --          ; --             ;
; IP_TOOL_VERSION                     ; 13.0                                                   ; --            ; --          ; --             ;
; IP_TOOL_VERSION                     ; 13.0                                                   ; --            ; --          ; --             ;
; IP_TOOL_VERSION                     ; 13.0                                                   ; --            ; --          ; --             ;
; IP_TOOL_VERSION                     ; 13.0                                                   ; --            ; --          ; --             ;
; IP_TOOL_VERSION                     ; 13.0                                                   ; --            ; --          ; --             ;
; IP_TOOL_VERSION                     ; 13.0                                                   ; --            ; --          ; --             ;
; IP_TOOL_VERSION                     ; 13.0                                                   ; --            ; --          ; --             ;
; IP_TOOL_VERSION                     ; 13.0                                                   ; --            ; --          ; --             ;
; IP_TOOL_VERSION                     ; 13.0                                                   ; --            ; --          ; --             ;
; IP_TOOL_VERSION                     ; 13.0                                                   ; --            ; --          ; --             ;
; IP_TOOL_VERSION                     ; 13.0                                                   ; --            ; --          ; --             ;
; IP_TOOL_VERSION                     ; 13.0                                                   ; --            ; --          ; --             ;
; IP_TOOL_VERSION                     ; 13.0                                                   ; --            ; --          ; --             ;
; IP_TOOL_VERSION                     ; 13.0                                                   ; --            ; --          ; --             ;
; IP_TOOL_VERSION                     ; 13.0                                                   ; --            ; --          ; --             ;
; IP_TOOL_VERSION                     ; 13.0                                                   ; --            ; --          ; --             ;
; IP_TOOL_VERSION                     ; 13.0                                                   ; --            ; --          ; --             ;
; IP_TOOL_VERSION                     ; 13.0                                                   ; --            ; --          ; --             ;
; IP_TOOL_VERSION                     ; 13.0                                                   ; --            ; --          ; --             ;
; IP_TOOL_VERSION                     ; 13.0                                                   ; --            ; --          ; --             ;
; MAX_CORE_JUNCTION_TEMP              ; 85                                                     ; --            ; --          ; --             ;
; MIN_CORE_JUNCTION_TEMP              ; 0                                                      ; --            ; --          ; --             ;
; MISC_FILE                           ; DataM.bsf                                              ; --            ; --          ; --             ;
; MISC_FILE                           ; DataM.cmp                                              ; --            ; --          ; --             ;
; MISC_FILE                           ; InstructionM.bsf                                       ; --            ; --          ; --             ;
; MISC_FILE                           ; InstructionM.cmp                                       ; --            ; --          ; --             ;
; MISC_FILE                           ; input.bsf                                              ; --            ; --          ; --             ;
; MISC_FILE                           ; input.cmp                                              ; --            ; --          ; --             ;
; MISC_FILE                           ; input_output.bsf                                       ; --            ; --          ; --             ;
; MISC_FILE                           ; input_output.cmp                                       ; --            ; --          ; --             ;
; MISC_FILE                           ; Instr_REG.bsf                                          ; --            ; --          ; --             ;
; MISC_FILE                           ; Instr_REG.cmp                                          ; --            ; --          ; --             ;
; MISC_FILE                           ; operand_mux.bsf                                        ; --            ; --          ; --             ;
; MISC_FILE                           ; operand_mux.cmp                                        ; --            ; --          ; --             ;
; MISC_FILE                           ; MuxB_Sel.bsf                                           ; --            ; --          ; --             ;
; MISC_FILE                           ; MuxB_Sel.cmp                                           ; --            ; --          ; --             ;
; MISC_FILE                           ; MuxB.bsf                                               ; --            ; --          ; --             ;
; MISC_FILE                           ; MuxB.cmp                                               ; --            ; --          ; --             ;
; MISC_FILE                           ; lpm_mux0.bsf                                           ; --            ; --          ; --             ;
; MISC_FILE                           ; lpm_mux0.cmp                                           ; --            ; --          ; --             ;
; MISC_FILE                           ; lpm_mux1.bsf                                           ; --            ; --          ; --             ;
; MISC_FILE                           ; lpm_mux1.cmp                                           ; --            ; --          ; --             ;
; MISC_FILE                           ; lpm_constant0.bsf                                      ; --            ; --          ; --             ;
; MISC_FILE                           ; lpm_constant0.cmp                                      ; --            ; --          ; --             ;
; MISC_FILE                           ; lpm_mux2.bsf                                           ; --            ; --          ; --             ;
; MISC_FILE                           ; lpm_mux2.cmp                                           ; --            ; --          ; --             ;
; MISC_FILE                           ; lpm_mux3.bsf                                           ; --            ; --          ; --             ;
; MISC_FILE                           ; lpm_mux3.cmp                                           ; --            ; --          ; --             ;
; MISC_FILE                           ; lpm_add_sub0.bsf                                       ; --            ; --          ; --             ;
; MISC_FILE                           ; lpm_add_sub0.cmp                                       ; --            ; --          ; --             ;
; MISC_FILE                           ; lpm_mux4.bsf                                           ; --            ; --          ; --             ;
; MISC_FILE                           ; lpm_mux4.cmp                                           ; --            ; --          ; --             ;
; MISC_FILE                           ; lpm_mux5.bsf                                           ; --            ; --          ; --             ;
; MISC_FILE                           ; lpm_mux5.cmp                                           ; --            ; --          ; --             ;
; MISC_FILE                           ; SC.bsf                                                 ; --            ; --          ; --             ;
; MISC_FILE                           ; SC.cmp                                                 ; --            ; --          ; --             ;
; MISC_FILE                           ; control_decode.bsf                                     ; --            ; --          ; --             ;
; MISC_FILE                           ; control_decode.cmp                                     ; --            ; --          ; --             ;
; MISC_FILE                           ; seq_decode.bsf                                         ; --            ; --          ; --             ;
; MISC_FILE                           ; seq_decode.cmp                                         ; --            ; --          ; --             ;
; MISC_FILE                           ; qmux.bsf                                               ; --            ; --          ; --             ;
; MISC_FILE                           ; qmux.cmp                                               ; --            ; --          ; --             ;
; MISC_FILE                           ; R_OUT.bsf                                              ; --            ; --          ; --             ;
; MISC_FILE                           ; R_OUT.cmp                                              ; --            ; --          ; --             ;
; MISC_FILE                           ; R_IN.bsf                                               ; --            ; --          ; --             ;
; MISC_FILE                           ; R_IN.cmp                                               ; --            ; --          ; --             ;
; MISC_FILE                           ; MuxxSel.bsf                                            ; --            ; --          ; --             ;
; MISC_FILE                           ; MuxxSel.cmp                                            ; --            ; --          ; --             ;
; MISC_FILE                           ; Rd_Sel.bsf                                             ; --            ; --          ; --             ;
; MISC_FILE                           ; Rd_Sel.cmp                                             ; --            ; --          ; --             ;
; MISC_FILE                           ; ar_sel_mux.bsf                                         ; --            ; --          ; --             ;
; MISC_FILE                           ; ar_sel_mux.cmp                                         ; --            ; --          ; --             ;
; MISC_FILE                           ; sp_en.bsf                                              ; --            ; --          ; --             ;
; MISC_FILE                           ; sp_en.cmp                                              ; --            ; --          ; --             ;
; MISC_FILE                           ; inc_dec_mux.bsf                                        ; --            ; --          ; --             ;
; MISC_FILE                           ; inc_dec_mux.cmp                                        ; --            ; --          ; --             ;
; MISC_FILE                           ; Q.bsf                                                  ; --            ; --          ; --             ;
; MISC_FILE                           ; Q.cmp                                                  ; --            ; --          ; --             ;
; MISC_FILE                           ; S1.bsf                                                 ; --            ; --          ; --             ;
; MISC_FILE                           ; S1.cmp                                                 ; --            ; --          ; --             ;
; MISC_FILE                           ; S2.bsf                                                 ; --            ; --          ; --             ;
; MISC_FILE                           ; S2.cmp                                                 ; --            ; --          ; --             ;
; MISC_FILE                           ; S1S2.bsf                                               ; --            ; --          ; --             ;
; MISC_FILE                           ; S1S2.cmp                                               ; --            ; --          ; --             ;
; MISC_FILE                           ; Rd.bsf                                                 ; --            ; --          ; --             ;
; MISC_FILE                           ; Rd.cmp                                                 ; --            ; --          ; --             ;
; MISC_FILE                           ; Rd_dest.bsf                                            ; --            ; --          ; --             ;
; MISC_FILE                           ; Rd_dest.cmp                                            ; --            ; --          ; --             ;
; MISC_FILE                           ; S1_Sel.bsf                                             ; --            ; --          ; --             ;
; MISC_FILE                           ; S1_Sel.cmp                                             ; --            ; --          ; --             ;
; MISC_FILE                           ; Rd_data_sel.bsf                                        ; --            ; --          ; --             ;
; MISC_FILE                           ; Rd_data_sel.cmp                                        ; --            ; --          ; --             ;
; MISC_FILE                           ; DM_AR_MUX.bsf                                          ; --            ; --          ; --             ;
; MISC_FILE                           ; DM_AR_MUX.cmp                                          ; --            ; --          ; --             ;
; MISC_FILE                           ; DM_AR_DATA.bsf                                         ; --            ; --          ; --             ;
; MISC_FILE                           ; DM_AR_DATA.cmp                                         ; --            ; --          ; --             ;
; MISC_FILE                           ; OUT_REG_DATA.bsf                                       ; --            ; --          ; --             ;
; MISC_FILE                           ; OUT_REG_DATA.cmp                                       ; --            ; --          ; --             ;
; MISC_FILE                           ; alu_other_mux.bsf                                      ; --            ; --          ; --             ;
; MISC_FILE                           ; alu_other_mux.cmp                                      ; --            ; --          ; --             ;
; MISC_FILE                           ; DecoderSel.bsf                                         ; --            ; --          ; --             ;
; MISC_FILE                           ; DecoderSel.cmp                                         ; --            ; --          ; --             ;
; MISC_FILE                           ; lpm_add_sub1.bsf                                       ; --            ; --          ; --             ;
; MISC_FILE                           ; lpm_add_sub1.cmp                                       ; --            ; --          ; --             ;
; MISC_FILE                           ; pc_mux.bsf                                             ; --            ; --          ; --             ;
; MISC_FILE                           ; pc_mux.cmp                                             ; --            ; --          ; --             ;
; MISC_FILE                           ; PC_loadmux.bsf                                         ; --            ; --          ; --             ;
; MISC_FILE                           ; PC_loadmux.cmp                                         ; --            ; --          ; --             ;
; MISC_FILE                           ; V.bsf                                                  ; --            ; --          ; --             ;
; MISC_FILE                           ; V.cmp                                                  ; --            ; --          ; --             ;
; NOMINAL_CORE_SUPPLY_VOLTAGE         ; 1.2V                                                   ; --            ; --          ; --             ;
; PARTITION_COLOR                     ; 16764057                                               ; --            ; --          ; Top            ;
; PARTITION_FITTER_PRESERVATION_LEVEL ; PLACEMENT_AND_ROUTING                                  ; --            ; --          ; Top            ;
; PARTITION_NETLIST_TYPE              ; SOURCE                                                 ; --            ; --          ; Top            ;
; POWER_BOARD_THERMAL_MODEL           ; None (CONSERVATIVE)                                    ; --            ; --          ; --             ;
; POWER_PRESET_COOLING_SOLUTION       ; 23 MM HEAT SINK WITH 200 LFPM AIRFLOW                  ; --            ; --          ; --             ;
; PROJECT_OUTPUT_DIRECTORY            ; output_files                                           ; --            ; --          ; --             ;
; SEARCH_PATH                         ; c:\users\user\desktop\2021510110_albinebo_gr23_lab5bus ; --            ; --          ; --             ;
+-------------------------------------+--------------------------------------------------------+---------------+-------------+----------------+


+-------------------------------------------------------------------------------------------------------------------------------+
; Flow Elapsed Time                                                                                                             ;
+---------------------------+--------------+-------------------------+---------------------+------------------------------------+
; Module Name               ; Elapsed Time ; Average Processors Used ; Peak Virtual Memory ; Total CPU Time (on all processors) ;
+---------------------------+--------------+-------------------------+---------------------+------------------------------------+
; Analysis & Synthesis      ; 00:00:11     ; 1.0                     ; 4660 MB             ; 00:00:01                           ;
; Fitter                    ; 00:00:11     ; 1.0                     ; 4911 MB             ; 00:00:03                           ;
; Assembler                 ; 00:00:01     ; 1.0                     ; 4553 MB             ; 00:00:00                           ;
; TimeQuest Timing Analyzer ; 00:00:03     ; 1.0                     ; 4589 MB             ; 00:00:01                           ;
; EDA Netlist Writer        ; 00:00:00     ; 1.0                     ; 4501 MB             ; 00:00:00                           ;
; Total                     ; 00:00:26     ; --                      ; --                  ; 00:00:05                           ;
+---------------------------+--------------+-------------------------+---------------------+------------------------------------+


+----------------------------------------------------------------------------------------+
; Flow OS Summary                                                                        ;
+---------------------------+------------------+-----------+------------+----------------+
; Module Name               ; Machine Hostname ; OS Name   ; OS Version ; Processor type ;
+---------------------------+------------------+-----------+------------+----------------+
; Analysis & Synthesis      ; DESKTOP-IQF18JG  ; Windows 7 ; 6.2        ; x86_64         ;
; Fitter                    ; DESKTOP-IQF18JG  ; Windows 7 ; 6.2        ; x86_64         ;
; Assembler                 ; DESKTOP-IQF18JG  ; Windows 7 ; 6.2        ; x86_64         ;
; TimeQuest Timing Analyzer ; DESKTOP-IQF18JG  ; Windows 7 ; 6.2        ; x86_64         ;
; EDA Netlist Writer        ; DESKTOP-IQF18JG  ; Windows 7 ; 6.2        ; x86_64         ;
+---------------------------+------------------+-----------+------------+----------------+


------------
; Flow Log ;
------------
quartus_map --read_settings_files=on --write_settings_files=off BUS -c BUS
quartus_fit --read_settings_files=off --write_settings_files=off BUS -c BUS
quartus_asm --read_settings_files=off --write_settings_files=off BUS -c BUS
quartus_sta BUS -c BUS
quartus_eda --read_settings_files=off --write_settings_files=off BUS -c BUS



